<?xml version="1.0" encoding="UTF-8"?>
<testsuite name="com.acmeair.service.ValidatorServicesTest" tests="13" skipped="0" failures="0" errors="0" timestamp="2025-08-10T18:33:18" hostname="BCHAUDH-3R4J-9A" time="0.04">
  <properties/>
  <testcase name="validateFlightSearchRequest_Failure_SameAirports()" classname="com.acmeair.service.ValidatorServicesTest" time="0.002"/>
  <testcase name="validateFlightSearchRequest_Failure_MissingReturnDate()" classname="com.acmeair.service.ValidatorServicesTest" time="0.003"/>
  <testcase name="validateFlightSearchRequest_Failure_PastDepartureDate()" classname="com.acmeair.service.ValidatorServicesTest" time="0.002"/>
  <testcase name="validateBookingRequest_Failure_MissingReturnFlightId()" classname="com.acmeair.service.ValidatorServicesTest" time="0.002"/>
  <testcase name="validateFlightSearchRequest_Failure_ReturnDateBeforeDeparture()" classname="com.acmeair.service.ValidatorServicesTest" time="0.001"/>
  <testcase name="validateBookingRequest_Failure_ReturnFlightIdOnOneWay()" classname="com.acmeair.service.ValidatorServicesTest" time="0.002"/>
  <testcase name="validateFlightSearchRequest_Success_ValidOneWayRequest()" classname="com.acmeair.service.ValidatorServicesTest" time="0.002"/>
  <testcase name="validateFlightSearchRequest_Failure_InvalidAirportCodeLength()" classname="com.acmeair.service.ValidatorServicesTest" time="0.001"/>
  <testcase name="validateFlightSearchRequest_Success_ValidReturnRequest()" classname="com.acmeair.service.ValidatorServicesTest" time="0.002"/>
  <testcase name="validateBookingRequest_Success_ValidOneWayBooking()" classname="com.acmeair.service.ValidatorServicesTest" time="0.005"/>
  <testcase name="validateFlightSearchRequest_Failure_InvalidPriceRange()" classname="com.acmeair.service.ValidatorServicesTest" time="0.004"/>
  <testcase name="validateBookingRequest_Success_ValidReturnBooking()" classname="com.acmeair.service.ValidatorServicesTest" time="0.005"/>
  <testcase name="validateBookingRequest_Failure_SameFlightIds()" classname="com.acmeair.service.ValidatorServicesTest" time="0.001"/>
  <system-out><![CDATA[]]></system-out>
  <system-err><![CDATA[]]></system-err>
</testsuite>
