<?xml version="1.0" encoding="UTF-8"?>
<testsuite name="com.acmeair.service.BookingServiceTest" tests="10" skipped="0" failures="0" errors="0" timestamp="2025-08-10T18:33:17" hostname="BCHAUDH-3R4J-9A" time="0.296">
  <properties/>
  <testcase name="updatePassengerDetails_Failure_CancelledBooking()" classname="com.acmeair.service.BookingServiceTest" time="0.249"/>
  <testcase name="createBooking_Success_OneWayFlight()" classname="com.acmeair.service.BookingServiceTest" time="0.01"/>
  <testcase name="updatePassengerDetails_Success_UpdatesPassengerInformation()" classname="com.acmeair.service.BookingServiceTest" time="0.002"/>
  <testcase name="createBooking_Success_ReturnFlight()" classname="com.acmeair.service.BookingServiceTest" time="0.008"/>
  <testcase name="cancelBooking_Failure_BookingNotFound()" classname="com.acmeair.service.BookingServiceTest" time="0.004"/>
  <testcase name="getBookingById_Success_ReturnsBookingWhenExists()" classname="com.acmeair.service.BookingServiceTest" time="0.002"/>
  <testcase name="cancelBooking_Success_CancelsBookingAndRestoresSeats()" classname="com.acmeair.service.BookingServiceTest" time="0.003"/>
  <testcase name="getBookingById_Failure_ThrowsExceptionWhenNotFound()" classname="com.acmeair.service.BookingServiceTest" time="0.003"/>
  <testcase name="cancelBooking_Failure_AlreadyCancelled()" classname="com.acmeair.service.BookingServiceTest" time="0.005"/>
  <testcase name="createBooking_Failure_NoSeatsAvailable()" classname="com.acmeair.service.BookingServiceTest" time="0.006"/>
  <system-out><![CDATA[]]></system-out>
  <system-err><![CDATA[]]></system-err>
</testsuite>
