<?xml version="1.0" encoding="UTF-8"?>
<testsuite name="com.acmeair.service.SeatAllocationServiceTest" tests="5" skipped="0" failures="0" errors="0" timestamp="2025-08-10T18:33:18" hostname="BCHAUDH-3R4J-9A" time="0.017">
  <properties/>
  <testcase name="allocateSeat_Success_BusinessSeatFormat()" classname="com.acmeair.service.SeatAllocationServiceTest" time="0.002"/>
  <testcase name="allocateSeat_Success_DifferentSeatsForDifferentClasses()" classname="com.acmeair.service.SeatAllocationServiceTest" time="0.003"/>
  <testcase name="allocateSeat_Success_FirstClassSeatFormat()" classname="com.acmeair.service.SeatAllocationServiceTest" time="0.003"/>
  <testcase name="allocateSeat_Success_EconomySeatFormat()" classname="com.acmeair.service.SeatAllocationServiceTest" time="0.005"/>
  <testcase name="allocateSeat_Success_PremiumEconomySeatFormat()" classname="com.acmeair.service.SeatAllocationServiceTest" time="0.004"/>
  <system-out><![CDATA[]]></system-out>
  <system-err><![CDATA[]]></system-err>
</testsuite>
