<?xml version="1.0" encoding="UTF-8"?>
<testsuite name="com.acmeair.service.FlightServiceTest" tests="7" skipped="0" failures="0" errors="0" timestamp="2025-08-10T18:33:18" hostname="BCHAUDH-3R4J-9A" time="0.112">
  <properties/>
  <testcase name="getFlightById_Success_ReturnsFlightWhenExists()" classname="com.acmeair.service.FlightServiceTest" time="0.091"/>
  <testcase name="getFlightById_Failure_ThrowsExceptionWhenNotFound()" classname="com.acmeair.service.FlightServiceTest" time="0.004"/>
  <testcase name="getPrice_Success_ReturnsCorrectPriceForEachSeatClass()" classname="com.acmeair.service.FlightServiceTest" time="0.001"/>
  <testcase name="hasAvailableSeats_Failure_ReturnsFalseWhenNoSeatsAvailable()" classname="com.acmeair.service.FlightServiceTest" time="0.004"/>
  <testcase name="increaseAvailableSeats_Success_IncreasesAvailableSeats()" classname="com.acmeair.service.FlightServiceTest" time="0.005"/>
  <testcase name="updateAvailableSeats_Success_ReducesAvailableSeats()" classname="com.acmeair.service.FlightServiceTest" time="0.002"/>
  <testcase name="hasAvailableSeats_Success_ReturnsTrueWhenSeatsAvailable()" classname="com.acmeair.service.FlightServiceTest" time="0.002"/>
  <system-out><![CDATA[]]></system-out>
  <system-err><![CDATA[]]></system-err>
</testsuite>
