<?xml version="1.0" encoding="UTF-8"?>
<testsuite name="com.acmeair.controller.FlightSearchComponentTest" tests="2" skipped="0" failures="0" errors="0" timestamp="2025-08-10T18:33:17" hostname="BCHAUDH-3R4J-9A" time="0.145">
  <properties/>
  <testcase name="searchFlights_Failure_MissingApiKey()" classname="com.acmeair.controller.FlightSearchComponentTest" time="0.025"/>
  <testcase name="searchFlights_Success_ReturnsFlightSearchResponse()" classname="com.acmeair.controller.FlightSearchComponentTest" time="0.116"/>
  <system-out><![CDATA[2025-08-11T04:33:17.256+10:00  INFO 31129 --- [acme-air-api] [    Test worker] t.c.s.AnnotationConfigContextLoaderUtils : Could not detect default configuration classes for test class [com.acmeair.controller.FlightSearchComponentTest]: FlightSearchComponentTest does not declare any static, non-private, non-final, nested classes annotated with @Configuration.
2025-08-11T04:33:17.258+10:00  INFO 31129 --- [acme-air-api] [    Test worker] .b.t.c.SpringBootTestContextBootstrapper : Found @SpringBootConfiguration com.acmeair.AcmeAirApplication for test class com.acmeair.controller.FlightSearchComponentTest
]]></system-out>
  <system-err><![CDATA[]]></system-err>
</testsuite>
