<?xml version="1.0" encoding="UTF-8"?>
<testsuite name="com.acmeair.controller.BookingCancelComponentTest" tests="2" skipped="0" failures="0" errors="0" timestamp="2025-08-10T18:33:12" hostname="BCHAUDH-3R4J-9A" time="0.773">
  <properties/>
  <testcase name="cancelBooking_Failure_BookingNotFound()" classname="com.acmeair.controller.BookingCancelComponentTest" time="0.418"/>
  <testcase name="cancelBooking_Success_CancelsBookingAndReturnsDetails()" classname="com.acmeair.controller.BookingCancelComponentTest" time="0.346"/>
  <system-out><![CDATA[04:33:01.190 [Test worker] INFO org.springframework.test.context.support.AnnotationConfigContextLoaderUtils -- Could not detect default configuration classes for test class [com.acmeair.controller.BookingCancelComponentTest]: BookingCancelComponentTest does not declare any static, non-private, non-final, nested classes annotated with @Configuration.
04:33:01.358 [Test worker] INFO org.springframework.boot.test.context.SpringBootTestContextBootstrapper -- Found @SpringBootConfiguration com.acmeair.AcmeAirApplication for test class com.acmeair.controller.BookingCancelComponentTest

  .   ____          _            __ _ _
 /\\ / ___'_ __ _ _(_)_ __  __ _ \ \ \ \
( ( )\___ | '_ | '_| | '_ \/ _` | \ \ \ \
 \\/  ___)| |_)| | | | | || (_| |  ) ) ) )
  '  |____| .__|_| |_|_| |_\__, | / / / /
 =========|_|==============|___/=/_/_/_/
 :: Spring Boot ::                (v3.2.0)

2025-08-11T04:33:01.897+10:00  INFO 31129 --- [acme-air-api] [    Test worker] c.a.c.BookingCancelComponentTest         : Starting BookingCancelComponentTest using Java 21.0.8 with PID 31129 (started by bhupendra.chaudhary in /Users/bhupendra.chaudhary/dev/acmeair/acmeair)
2025-08-11T04:33:01.899+10:00  INFO 31129 --- [acme-air-api] [    Test worker] c.a.c.BookingCancelComponentTest         : No active profile set, falling back to 1 default profile: "default"
2025-08-11T04:33:03.136+10:00  INFO 31129 --- [acme-air-api] [    Test worker] .s.d.r.c.RepositoryConfigurationDelegate : Bootstrapping Spring Data JPA repositories in DEFAULT mode.
2025-08-11T04:33:03.250+10:00  INFO 31129 --- [acme-air-api] [    Test worker] .s.d.r.c.RepositoryConfigurationDelegate : Finished Spring Data repository scanning in 105 ms. Found 3 JPA repository interfaces.
2025-08-11T04:33:06.022+10:00  INFO 31129 --- [acme-air-api] [    Test worker] o.s.b.w.embedded.tomcat.TomcatWebServer  : Tomcat initialized with port 0 (http)
2025-08-11T04:33:06.033+10:00  INFO 31129 --- [acme-air-api] [    Test worker] o.apache.catalina.core.StandardService   : Starting service [Tomcat]
2025-08-11T04:33:06.035+10:00  INFO 31129 --- [acme-air-api] [    Test worker] o.apache.catalina.core.StandardEngine    : Starting Servlet engine: [Apache Tomcat/10.1.16]
2025-08-11T04:33:06.113+10:00  INFO 31129 --- [acme-air-api] [    Test worker] o.a.c.c.C.[Tomcat].[localhost].[/]       : Initializing Spring embedded WebApplicationContext
2025-08-11T04:33:06.114+10:00  INFO 31129 --- [acme-air-api] [    Test worker] w.s.c.ServletWebServerApplicationContext : Root WebApplicationContext: initialization completed in 4195 ms
2025-08-11T04:33:06.324+10:00  INFO 31129 --- [acme-air-api] [    Test worker] com.zaxxer.hikari.HikariDataSource       : HikariPool-1 - Starting...
2025-08-11T04:33:06.447+10:00  INFO 31129 --- [acme-air-api] [    Test worker] com.zaxxer.hikari.pool.HikariPool        : HikariPool-1 - Added connection conn0: url=jdbc:h2:mem:acmeairdb user=SA
2025-08-11T04:33:06.449+10:00  INFO 31129 --- [acme-air-api] [    Test worker] com.zaxxer.hikari.HikariDataSource       : HikariPool-1 - Start completed.
2025-08-11T04:33:06.503+10:00  INFO 31129 --- [acme-air-api] [    Test worker] liquibase.database                       : Set default schema name to PUBLIC
2025-08-11T04:33:07.666+10:00  INFO 31129 --- [acme-air-api] [    Test worker] liquibase.changelog                      : Creating database history table with name: PUBLIC.DATABASECHANGELOG
2025-08-11T04:33:07.766+10:00  INFO 31129 --- [acme-air-api] [    Test worker] liquibase.changelog                      : Reading from PUBLIC.DATABASECHANGELOG
2025-08-11T04:33:07.985+10:00  INFO 31129 --- [acme-air-api] [    Test worker] liquibase.lockservice                    : Successfully acquired change log lock
2025-08-11T04:33:07.990+10:00  INFO 31129 --- [acme-air-api] [    Test worker] liquibase.command                        : Using deploymentId: 4850787988
2025-08-11T04:33:07.991+10:00  INFO 31129 --- [acme-air-api] [    Test worker] liquibase.changelog                      : Reading from PUBLIC.DATABASECHANGELOG
Running Changeset: db/changelog/001-create-tables.xml::001-create-enhanced-flights-table::acme-air
2025-08-11T04:33:08.387+10:00  INFO 31129 --- [acme-air-api] [    Test worker] liquibase.changelog                      : Table flights created
2025-08-11T04:33:08.394+10:00  INFO 31129 --- [acme-air-api] [    Test worker] liquibase.changelog                      : Index idx_origin_destination created
2025-08-11T04:33:08.397+10:00  INFO 31129 --- [acme-air-api] [    Test worker] liquibase.changelog                      : Index idx_departure_time created
2025-08-11T04:33:08.398+10:00  INFO 31129 --- [acme-air-api] [    Test worker] liquibase.changelog                      : Index idx_economy_price created
2025-08-11T04:33:08.400+10:00  INFO 31129 --- [acme-air-api] [    Test worker] liquibase.changelog                      : Index idx_is_direct created
2025-08-11T04:33:08.400+10:00  INFO 31129 --- [acme-air-api] [    Test worker] liquibase.changelog                      : ChangeSet db/changelog/001-create-tables.xml::001-create-enhanced-flights-table::acme-air ran successfully in 52ms
Running Changeset: db/changelog/001-create-tables.xml::002-create-passengers-table::acme-air
2025-08-11T04:33:08.425+10:00  INFO 31129 --- [acme-air-api] [    Test worker] liquibase.changelog                      : Table passengers created
2025-08-11T04:33:08.427+10:00  INFO 31129 --- [acme-air-api] [    Test worker] liquibase.changelog                      : Index idx_email created
2025-08-11T04:33:08.428+10:00  INFO 31129 --- [acme-air-api] [    Test worker] liquibase.changelog                      : Index idx_passport_number created
2025-08-11T04:33:08.428+10:00  INFO 31129 --- [acme-air-api] [    Test worker] liquibase.changelog                      : ChangeSet db/changelog/001-create-tables.xml::002-create-passengers-table::acme-air ran successfully in 7ms
Running Changeset: db/changelog/001-create-tables.xml::003-create-enhanced-bookings-table::acme-air
2025-08-11T04:33:08.452+10:00  INFO 31129 --- [acme-air-api] [    Test worker] liquibase.changelog                      : Table bookings created
2025-08-11T04:33:08.462+10:00  INFO 31129 --- [acme-air-api] [    Test worker] liquibase.changelog                      : Foreign key constraint added to bookings (flight_id)
2025-08-11T04:33:08.466+10:00  INFO 31129 --- [acme-air-api] [    Test worker] liquibase.changelog                      : Foreign key constraint added to bookings (return_flight_id)
2025-08-11T04:33:08.467+10:00  INFO 31129 --- [acme-air-api] [    Test worker] liquibase.changelog                      : Foreign key constraint added to bookings (passenger_id)
2025-08-11T04:33:08.469+10:00  INFO 31129 --- [acme-air-api] [    Test worker] liquibase.changelog                      : Index idx_flight_id created
2025-08-11T04:33:08.472+10:00  INFO 31129 --- [acme-air-api] [    Test worker] liquibase.changelog                      : Index idx_booking_time created
2025-08-11T04:33:08.475+10:00  INFO 31129 --- [acme-air-api] [    Test worker] liquibase.changelog                      : Index idx_seat_class created
2025-08-11T04:33:08.476+10:00  INFO 31129 --- [acme-air-api] [    Test worker] liquibase.changelog                      : Index idx_flight_type created
2025-08-11T04:33:08.477+10:00  INFO 31129 --- [acme-air-api] [    Test worker] liquibase.changelog                      : ChangeSet db/changelog/001-create-tables.xml::003-create-enhanced-bookings-table::acme-air ran successfully in 30ms
Running Changeset: db/changelog/001-create-tables.xml::004-create-api-tokens-table::acme-air
2025-08-11T04:33:08.485+10:00  INFO 31129 --- [acme-air-api] [    Test worker] liquibase.changelog                      : Table api_tokens created
2025-08-11T04:33:08.487+10:00  INFO 31129 --- [acme-air-api] [    Test worker] liquibase.changelog                      : Index idx_token_value created
2025-08-11T04:33:08.487+10:00  INFO 31129 --- [acme-air-api] [    Test worker] liquibase.changelog                      : ChangeSet db/changelog/001-create-tables.xml::004-create-api-tokens-table::acme-air ran successfully in 5ms
Running Changeset: db/changelog/002-insert-sample-data.xml::001-insert-demo-api-token::acme-air
2025-08-11T04:33:08.496+10:00  INFO 31129 --- [acme-air-api] [    Test worker] liquibase.changelog                      : New row inserted into api_tokens
2025-08-11T04:33:08.496+10:00  INFO 31129 --- [acme-air-api] [    Test worker] liquibase.changelog                      : ChangeSet db/changelog/002-insert-sample-data.xml::001-insert-demo-api-token::acme-air ran successfully in 4ms
Running Changeset: db/changelog/002-insert-sample-data.xml::002-insert-enhanced-sample-flights::acme-air
2025-08-11T04:33:08.541+10:00  INFO 31129 --- [acme-air-api] [    Test worker] liquibase.changelog                      : New row inserted into flights
2025-08-11T04:33:08.544+10:00  INFO 31129 --- [acme-air-api] [    Test worker] liquibase.changelog                      : New row inserted into flights
2025-08-11T04:33:08.546+10:00  INFO 31129 --- [acme-air-api] [    Test worker] liquibase.changelog                      : New row inserted into flights
2025-08-11T04:33:08.548+10:00  INFO 31129 --- [acme-air-api] [    Test worker] liquibase.changelog                      : New row inserted into flights
2025-08-11T04:33:08.549+10:00  INFO 31129 --- [acme-air-api] [    Test worker] liquibase.changelog                      : New row inserted into flights
2025-08-11T04:33:08.553+10:00  INFO 31129 --- [acme-air-api] [    Test worker] liquibase.changelog                      : New row inserted into flights
2025-08-11T04:33:08.555+10:00  INFO 31129 --- [acme-air-api] [    Test worker] liquibase.changelog                      : New row inserted into flights
2025-08-11T04:33:08.559+10:00  INFO 31129 --- [acme-air-api] [    Test worker] liquibase.changelog                      : New row inserted into flights
2025-08-11T04:33:08.564+10:00  INFO 31129 --- [acme-air-api] [    Test worker] liquibase.changelog                      : New row inserted into flights
2025-08-11T04:33:08.567+10:00  INFO 31129 --- [acme-air-api] [    Test worker] liquibase.changelog                      : New row inserted into flights
2025-08-11T04:33:08.573+10:00  INFO 31129 --- [acme-air-api] [    Test worker] liquibase.changelog                      : New row inserted into flights
2025-08-11T04:33:08.576+10:00  INFO 31129 --- [acme-air-api] [    Test worker] liquibase.changelog                      : New row inserted into flights
2025-08-11T04:33:08.579+10:00  INFO 31129 --- [acme-air-api] [    Test worker] liquibase.changelog                      : New row inserted into flights
2025-08-11T04:33:08.581+10:00  INFO 31129 --- [acme-air-api] [    Test worker] liquibase.changelog                      : New row inserted into flights
2025-08-11T04:33:08.584+10:00  INFO 31129 --- [acme-air-api] [    Test worker] liquibase.changelog                      : New row inserted into flights
2025-08-11T04:33:08.592+10:00  INFO 31129 --- [acme-air-api] [    Test worker] liquibase.changelog                      : New row inserted into flights
2025-08-11T04:33:08.597+10:00  INFO 31129 --- [acme-air-api] [    Test worker] liquibase.changelog                      : New row inserted into flights
2025-08-11T04:33:08.600+10:00  INFO 31129 --- [acme-air-api] [    Test worker] liquibase.changelog                      : New row inserted into flights
2025-08-11T04:33:08.603+10:00  INFO 31129 --- [acme-air-api] [    Test worker] liquibase.changelog                      : New row inserted into flights
2025-08-11T04:33:08.603+10:00  INFO 31129 --- [acme-air-api] [    Test worker] liquibase.changelog                      : New row inserted into flights
2025-08-11T04:33:08.604+10:00  INFO 31129 --- [acme-air-api] [    Test worker] liquibase.changelog                      : New row inserted into flights
2025-08-11T04:33:08.605+10:00  INFO 31129 --- [acme-air-api] [    Test worker] liquibase.changelog                      : New row inserted into flights
2025-08-11T04:33:08.606+10:00  INFO 31129 --- [acme-air-api] [    Test worker] liquibase.changelog                      : New row inserted into flights
2025-08-11T04:33:08.610+10:00  INFO 31129 --- [acme-air-api] [    Test worker] liquibase.changelog                      : New row inserted into flights
2025-08-11T04:33:08.617+10:00  INFO 31129 --- [acme-air-api] [    Test worker] liquibase.changelog                      : New row inserted into flights
2025-08-11T04:33:08.619+10:00  INFO 31129 --- [acme-air-api] [    Test worker] liquibase.changelog                      : New row inserted into flights
2025-08-11T04:33:08.621+10:00  INFO 31129 --- [acme-air-api] [    Test worker] liquibase.changelog                      : New row inserted into flights
2025-08-11T04:33:08.624+10:00  INFO 31129 --- [acme-air-api] [    Test worker] liquibase.changelog                      : New row inserted into flights
2025-08-11T04:33:08.626+10:00  INFO 31129 --- [acme-air-api] [    Test worker] liquibase.changelog                      : ChangeSet db/changelog/002-insert-sample-data.xml::002-insert-enhanced-sample-flights::acme-air ran successfully in 90ms
2025-08-11T04:33:08.646+10:00  INFO 31129 --- [acme-air-api] [    Test worker] liquibase.util                           : UPDATE SUMMARY
2025-08-11T04:33:08.647+10:00  INFO 31129 --- [acme-air-api] [    Test worker] liquibase.util                           : Run:                          6
2025-08-11T04:33:08.648+10:00  INFO 31129 --- [acme-air-api] [    Test worker] liquibase.util                           : Previously run:               0
2025-08-11T04:33:08.649+10:00  INFO 31129 --- [acme-air-api] [    Test worker] liquibase.util                           : Filtered out:                 0
2025-08-11T04:33:08.649+10:00  INFO 31129 --- [acme-air-api] [    Test worker] liquibase.util                           : -------------------------------
2025-08-11T04:33:08.649+10:00  INFO 31129 --- [acme-air-api] [    Test worker] liquibase.util                           : Total change sets:            6
2025-08-11T04:33:08.650+10:00  INFO 31129 --- [acme-air-api] [    Test worker] liquibase.util                           : Update summary generated
2025-08-11T04:33:08.654+10:00  INFO 31129 --- [acme-air-api] [    Test worker] liquibase.command                        : Update command completed successfully.
Liquibase: Update has been successful. Rows affected: 35
2025-08-11T04:33:08.660+10:00  INFO 31129 --- [acme-air-api] [    Test worker] liquibase.lockservice                    : Successfully released change log lock
2025-08-11T04:33:08.661+10:00  INFO 31129 --- [acme-air-api] [    Test worker] liquibase.command                        : Command execution complete
2025-08-11T04:33:08.929+10:00  INFO 31129 --- [acme-air-api] [    Test worker] o.hibernate.jpa.internal.util.LogHelper  : HHH000204: Processing PersistenceUnitInfo [name: default]
2025-08-11T04:33:08.974+10:00  INFO 31129 --- [acme-air-api] [    Test worker] org.hibernate.Version                    : HHH000412: Hibernate ORM core version 6.3.1.Final
2025-08-11T04:33:09.000+10:00  INFO 31129 --- [acme-air-api] [    Test worker] o.h.c.internal.RegionFactoryInitiator    : HHH000026: Second-level cache disabled
2025-08-11T04:33:09.085+10:00  INFO 31129 --- [acme-air-api] [    Test worker] o.s.o.j.p.SpringPersistenceUnitInfo      : No LoadTimeWeaver setup: ignoring JPA class transformer
2025-08-11T04:33:09.137+10:00  WARN 31129 --- [acme-air-api] [    Test worker] org.hibernate.orm.deprecation            : HHH90000025: H2Dialect does not need to be specified explicitly using 'hibernate.dialect' (remove the property setting and it will be selected by default)
2025-08-11T04:33:10.123+10:00  INFO 31129 --- [acme-air-api] [    Test worker] o.h.e.t.j.p.i.JtaPlatformInitiator       : HHH000489: No JTA platform available (set 'hibernate.transaction.jta.platform' to enable JTA platform integration)
2025-08-11T04:33:10.136+10:00  INFO 31129 --- [acme-air-api] [    Test worker] j.LocalContainerEntityManagerFactoryBean : Initialized JPA EntityManagerFactory for persistence unit 'default'
2025-08-11T04:33:10.655+10:00  INFO 31129 --- [acme-air-api] [    Test worker] o.s.d.j.r.query.QueryEnhancerFactory     : Hibernate is in classpath; If applicable, HQL parser will be used.
2025-08-11T04:33:11.826+10:00  WARN 31129 --- [acme-air-api] [    Test worker] JpaBaseConfiguration$JpaWebConfiguration : spring.jpa.open-in-view is enabled by default. Therefore, database queries may be performed during view rendering. Explicitly configure spring.jpa.open-in-view to disable this warning
2025-08-11T04:33:11.861+10:00  WARN 31129 --- [acme-air-api] [    Test worker] .s.s.UserDetailsServiceAutoConfiguration : 

Using generated security password: 1654d3b3-1157-4d9d-870f-2455ff9203a4

This generated password is for development use only. Your security configuration must be updated before running your application in production.

2025-08-11T04:33:12.198+10:00  INFO 31129 --- [acme-air-api] [    Test worker] o.s.s.web.DefaultSecurityFilterChain     : Will secure any request with [org.springframework.security.web.session.DisableEncodeUrlFilter@7d62e12a, org.springframework.security.web.context.request.async.WebAsyncManagerIntegrationFilter@3bad9493, org.springframework.security.web.context.SecurityContextHolderFilter@1e2eab74, org.springframework.security.web.header.HeaderWriterFilter@4c198bd5, org.springframework.web.filter.CorsFilter@20953adc, org.springframework.security.web.authentication.logout.LogoutFilter@6576eba4, com.acmeair.security.ApiKeyAuthenticationFilter@4eb1c9ac, org.springframework.security.web.savedrequest.RequestCacheAwareFilter@5b4d30c7, org.springframework.security.web.servletapi.SecurityContextHolderAwareRequestFilter@7aca8561, org.springframework.security.web.authentication.AnonymousAuthenticationFilter@24300ae1, org.springframework.security.web.session.SessionManagementFilter@6336075c, org.springframework.security.web.access.ExceptionTranslationFilter@a019aea, org.springframework.security.web.access.intercept.AuthorizationFilter@ff28a30]
2025-08-11T04:33:12.521+10:00  INFO 31129 --- [acme-air-api] [    Test worker] o.s.b.w.embedded.tomcat.TomcatWebServer  : Tomcat started on port 53911 (http) with context path ''
2025-08-11T04:33:12.535+10:00  INFO 31129 --- [acme-air-api] [    Test worker] c.a.c.BookingCancelComponentTest         : Started BookingCancelComponentTest in 11.015 seconds (process running for 12.704)
2025-08-11T04:33:12.687+10:00  INFO 31129 --- [acme-air-api] [o-auto-1-exec-1] o.a.c.c.C.[Tomcat].[localhost].[/]       : Initializing Spring DispatcherServlet 'dispatcherServlet'
2025-08-11T04:33:12.688+10:00  INFO 31129 --- [acme-air-api] [o-auto-1-exec-1] o.s.web.servlet.DispatcherServlet        : Initializing Servlet 'dispatcherServlet'
2025-08-11T04:33:12.690+10:00  INFO 31129 --- [acme-air-api] [o-auto-1-exec-1] o.s.web.servlet.DispatcherServlet        : Completed initialization in 2 ms
2025-08-11T04:33:12.708+10:00  WARN 31129 --- [acme-air-api] [o-auto-1-exec-1] o.s.w.s.h.HandlerMappingIntrospector     : Cache miss for REQUEST dispatch to '/api/v1/bookings/INVALID_BOOKING_ID' (previous null). Performing CorsConfiguration lookup. This is logged once only at WARN level, and every time at TRACE.
]]></system-out>
  <system-err><![CDATA[WARNING: A Java agent has been loaded dynamically (/Users/bhupendra.chaudhary/.gradle/caches/modules-2/files-2.1/net.bytebuddy/byte-buddy-agent/1.14.10/90ed94ac044ea8953b224304c762316e91fd6b31/byte-buddy-agent-1.14.10.jar)
WARNING: If a serviceability tool is in use, please run with -XX:+EnableDynamicAgentLoading to hide this warning
WARNING: If a serviceability tool is not in use, please run with -Djdk.instrument.traceUsage for more information
WARNING: Dynamic loading of agents will be disallowed by default in a future release
]]></system-err>
</testsuite>
