<?xml version="1.0" encoding="UTF-8"?>
<testsuite name="com.acmeair.controller.BookingCreateComponentTest" tests="2" skipped="0" failures="0" errors="0" timestamp="2025-08-10T18:33:15" hostname="BCHAUDH-3R4J-9A" time="0.258">
  <properties/>
  <testcase name="createBooking_Success_OneWayFlight()" classname="com.acmeair.controller.BookingCreateComponentTest" time="0.225"/>
  <testcase name="createBooking_Failure_InvalidFlightId()" classname="com.acmeair.controller.BookingCreateComponentTest" time="0.028"/>
  <system-out><![CDATA[2025-08-11T04:33:13.346+10:00  INFO 31129 --- [acme-air-api] [    Test worker] t.c.s.AnnotationConfigContextLoaderUtils : Could not detect default configuration classes for test class [com.acmeair.controller.BookingCreateComponentTest]: BookingCreateComponentTest does not declare any static, non-private, non-final, nested classes annotated with @Configuration.
2025-08-11T04:33:13.350+10:00  INFO 31129 --- [acme-air-api] [    Test worker] .b.t.c.SpringBootTestContextBootstrapper : Found @SpringBootConfiguration com.acmeair.AcmeAirApplication for test class com.acmeair.controller.BookingCreateComponentTest

  .   ____          _            __ _ _
 /\\ / ___'_ __ _ _(_)_ __  __ _ \ \ \ \
( ( )\___ | '_ | '_| | '_ \/ _` | \ \ \ \
 \\/  ___)| |_)| | | | | || (_| |  ) ) ) )
  '  |____| .__|_| |_|_| |_\__, | / / / /
 =========|_|==============|___/=/_/_/_/
 :: Spring Boot ::                (v3.2.0)

2025-08-11T04:33:13.439+10:00  INFO 31129 --- [acme-air-api] [    Test worker] c.a.c.BookingCreateComponentTest         : Starting BookingCreateComponentTest using Java 21.0.8 with PID 31129 (started by bhupendra.chaudhary in /Users/bhupendra.chaudhary/dev/acmeair/acmeair)
2025-08-11T04:33:13.441+10:00  INFO 31129 --- [acme-air-api] [    Test worker] c.a.c.BookingCreateComponentTest         : No active profile set, falling back to 1 default profile: "default"
2025-08-11T04:33:13.838+10:00  INFO 31129 --- [acme-air-api] [    Test worker] .s.d.r.c.RepositoryConfigurationDelegate : Bootstrapping Spring Data JPA repositories in DEFAULT mode.
2025-08-11T04:33:13.864+10:00  INFO 31129 --- [acme-air-api] [    Test worker] .s.d.r.c.RepositoryConfigurationDelegate : Finished Spring Data repository scanning in 25 ms. Found 3 JPA repository interfaces.
2025-08-11T04:33:14.012+10:00  INFO 31129 --- [acme-air-api] [    Test worker] o.s.b.w.embedded.tomcat.TomcatWebServer  : Tomcat initialized with port 0 (http)
2025-08-11T04:33:14.014+10:00  INFO 31129 --- [acme-air-api] [    Test worker] o.apache.catalina.core.StandardService   : Starting service [Tomcat]
2025-08-11T04:33:14.014+10:00  INFO 31129 --- [acme-air-api] [    Test worker] o.apache.catalina.core.StandardEngine    : Starting Servlet engine: [Apache Tomcat/10.1.16]
2025-08-11T04:33:14.035+10:00  INFO 31129 --- [acme-air-api] [    Test worker] o.a.c.c.C.[Tomcat-1].[localhost].[/]     : Initializing Spring embedded WebApplicationContext
2025-08-11T04:33:14.035+10:00  INFO 31129 --- [acme-air-api] [    Test worker] w.s.c.ServletWebServerApplicationContext : Root WebApplicationContext: initialization completed in 588 ms
2025-08-11T04:33:14.076+10:00  INFO 31129 --- [acme-air-api] [    Test worker] com.zaxxer.hikari.HikariDataSource       : HikariPool-2 - Starting...
2025-08-11T04:33:14.079+10:00  INFO 31129 --- [acme-air-api] [    Test worker] com.zaxxer.hikari.pool.HikariPool        : HikariPool-2 - Added connection conn10: url=jdbc:h2:mem:acmeairdb user=SA
2025-08-11T04:33:14.080+10:00  INFO 31129 --- [acme-air-api] [    Test worker] com.zaxxer.hikari.HikariDataSource       : HikariPool-2 - Start completed.
2025-08-11T04:33:14.085+10:00  INFO 31129 --- [acme-air-api] [    Test worker] liquibase.database                       : Set default schema name to PUBLIC
2025-08-11T04:33:14.439+10:00  INFO 31129 --- [acme-air-api] [    Test worker] liquibase.changelog                      : Reading from PUBLIC.DATABASECHANGELOG
2025-08-11T04:33:14.538+10:00  INFO 31129 --- [acme-air-api] [    Test worker] liquibase.lockservice                    : Successfully acquired change log lock
2025-08-11T04:33:14.539+10:00  INFO 31129 --- [acme-air-api] [    Test worker] liquibase.command                        : Using deploymentId: 4850794538
2025-08-11T04:33:14.540+10:00  INFO 31129 --- [acme-air-api] [    Test worker] liquibase.changelog                      : Reading from PUBLIC.DATABASECHANGELOG
2025-08-11T04:33:14.547+10:00  INFO 31129 --- [acme-air-api] [    Test worker] liquibase.util                           : UPDATE SUMMARY
2025-08-11T04:33:14.548+10:00  INFO 31129 --- [acme-air-api] [    Test worker] liquibase.util                           : Run:                          0
2025-08-11T04:33:14.548+10:00  INFO 31129 --- [acme-air-api] [    Test worker] liquibase.util                           : Previously run:               6
2025-08-11T04:33:14.548+10:00  INFO 31129 --- [acme-air-api] [    Test worker] liquibase.util                           : Filtered out:                 0
2025-08-11T04:33:14.548+10:00  INFO 31129 --- [acme-air-api] [    Test worker] liquibase.util                           : -------------------------------
2025-08-11T04:33:14.549+10:00  INFO 31129 --- [acme-air-api] [    Test worker] liquibase.util                           : Total change sets:            6
2025-08-11T04:33:14.549+10:00  INFO 31129 --- [acme-air-api] [    Test worker] liquibase.util                           : Update summary generated
2025-08-11T04:33:14.550+10:00  INFO 31129 --- [acme-air-api] [    Test worker] liquibase.command                        : Update command completed successfully.
Liquibase: Update has been successful. Rows affected: 0
2025-08-11T04:33:14.551+10:00  INFO 31129 --- [acme-air-api] [    Test worker] liquibase.lockservice                    : Successfully released change log lock
2025-08-11T04:33:14.551+10:00  INFO 31129 --- [acme-air-api] [    Test worker] liquibase.command                        : Command execution complete
2025-08-11T04:33:14.594+10:00  INFO 31129 --- [acme-air-api] [    Test worker] o.hibernate.jpa.internal.util.LogHelper  : HHH000204: Processing PersistenceUnitInfo [name: default]
2025-08-11T04:33:14.599+10:00  INFO 31129 --- [acme-air-api] [    Test worker] o.h.c.internal.RegionFactoryInitiator    : HHH000026: Second-level cache disabled
2025-08-11T04:33:14.605+10:00  INFO 31129 --- [acme-air-api] [    Test worker] o.s.o.j.p.SpringPersistenceUnitInfo      : No LoadTimeWeaver setup: ignoring JPA class transformer
2025-08-11T04:33:14.607+10:00  WARN 31129 --- [acme-air-api] [    Test worker] org.hibernate.orm.deprecation            : HHH90000025: H2Dialect does not need to be specified explicitly using 'hibernate.dialect' (remove the property setting and it will be selected by default)
2025-08-11T04:33:14.833+10:00  INFO 31129 --- [acme-air-api] [    Test worker] o.h.e.t.j.p.i.JtaPlatformInitiator       : HHH000489: No JTA platform available (set 'hibernate.transaction.jta.platform' to enable JTA platform integration)
2025-08-11T04:33:14.834+10:00  INFO 31129 --- [acme-air-api] [    Test worker] j.LocalContainerEntityManagerFactoryBean : Initialized JPA EntityManagerFactory for persistence unit 'default'
2025-08-11T04:33:15.038+10:00  WARN 31129 --- [acme-air-api] [    Test worker] JpaBaseConfiguration$JpaWebConfiguration : spring.jpa.open-in-view is enabled by default. Therefore, database queries may be performed during view rendering. Explicitly configure spring.jpa.open-in-view to disable this warning
2025-08-11T04:33:15.045+10:00  WARN 31129 --- [acme-air-api] [    Test worker] .s.s.UserDetailsServiceAutoConfiguration : 

Using generated security password: 638ae2f7-e838-42e7-a22c-4dd0ef7df43c

This generated password is for development use only. Your security configuration must be updated before running your application in production.

2025-08-11T04:33:15.135+10:00  INFO 31129 --- [acme-air-api] [    Test worker] o.s.s.web.DefaultSecurityFilterChain     : Will secure any request with [org.springframework.security.web.session.DisableEncodeUrlFilter@2afa3ac4, org.springframework.security.web.context.request.async.WebAsyncManagerIntegrationFilter@68501eb7, org.springframework.security.web.context.SecurityContextHolderFilter@13c9372a, org.springframework.security.web.header.HeaderWriterFilter@6f167307, org.springframework.web.filter.CorsFilter@3453aae1, org.springframework.security.web.authentication.logout.LogoutFilter@3f29d1e0, com.acmeair.security.ApiKeyAuthenticationFilter@ffbefd9, org.springframework.security.web.savedrequest.RequestCacheAwareFilter@22672ebb, org.springframework.security.web.servletapi.SecurityContextHolderAwareRequestFilter@7e35efbb, org.springframework.security.web.authentication.AnonymousAuthenticationFilter@74acc8f8, org.springframework.security.web.session.SessionManagementFilter@ed2afe7, org.springframework.security.web.access.ExceptionTranslationFilter@56bce46c, org.springframework.security.web.access.intercept.AuthorizationFilter@191440e2]
2025-08-11T04:33:15.231+10:00  INFO 31129 --- [acme-air-api] [    Test worker] o.s.b.w.embedded.tomcat.TomcatWebServer  : Tomcat started on port 53915 (http) with context path ''
2025-08-11T04:33:15.237+10:00  INFO 31129 --- [acme-air-api] [    Test worker] c.a.c.BookingCreateComponentTest         : Started BookingCreateComponentTest in 1.877 seconds (process running for 15.407)
2025-08-11T04:33:15.266+10:00  INFO 31129 --- [acme-air-api] [o-auto-2-exec-1] o.a.c.c.C.[Tomcat-1].[localhost].[/]     : Initializing Spring DispatcherServlet 'dispatcherServlet'
2025-08-11T04:33:15.268+10:00  INFO 31129 --- [acme-air-api] [o-auto-2-exec-1] o.s.web.servlet.DispatcherServlet        : Initializing Servlet 'dispatcherServlet'
2025-08-11T04:33:15.269+10:00  INFO 31129 --- [acme-air-api] [o-auto-2-exec-1] o.s.web.servlet.DispatcherServlet        : Completed initialization in 1 ms
2025-08-11T04:33:15.270+10:00  WARN 31129 --- [acme-air-api] [o-auto-2-exec-1] o.s.w.s.h.HandlerMappingIntrospector     : Cache miss for REQUEST dispatch to '/api/v1/bookings' (previous null). Performing CorsConfiguration lookup. This is logged once only at WARN level, and every time at TRACE.
]]></system-out>
  <system-err><![CDATA[]]></system-err>
</testsuite>
